2013-08-19 07:33:30 Error: [MissingControllerException] Controller class SitesController could not be found.
Exception Attributes: array (
  'class' => 'SitesController',
  'plugin' => NULL,
)
Request URL: /sites/default/files/js/js_4688e33a253b7b108ef60e24de0912c0.js
Stack Trace:
#0 /Users/karlweber/Dropbox/projects/prologue/app/webroot/index.php(110): Dispatcher->dispatch(Object(CakeRequest), Object(CakeResponse))
#1 {main}
2013-08-19 07:33:52 Error: [MissingControllerException] Controller class SitesController could not be found.
Exception Attributes: array (
  'class' => 'SitesController',
  'plugin' => NULL,
)
Request URL: /sites/default/files/js/js_4688e33a253b7b108ef60e24de0912c0.js
Stack Trace:
#0 /Users/karlweber/Dropbox/projects/prologue/app/webroot/index.php(110): Dispatcher->dispatch(Object(CakeRequest), Object(CakeResponse))
#1 {main}
2013-08-19 07:42:16 Error: [MissingControllerException] Controller class SitesController could not be found.
Exception Attributes: array (
  'class' => 'SitesController',
  'plugin' => NULL,
)
Request URL: /sites/default/files/js/js_4688e33a253b7b108ef60e24de0912c0.js
Stack Trace:
#0 /Users/karlweber/Dropbox/projects/prologue/app/webroot/index.php(110): Dispatcher->dispatch(Object(CakeRequest), Object(CakeResponse))
#1 {main}
2013-08-19 07:52:44 Error: [MissingControllerException] Controller class CssController could not be found.
Exception Attributes: array (
  'class' => 'CssController',
  'plugin' => NULL,
)
Request URL: /css/cake.generic.css
Stack Trace:
#0 /Users/karlweber/Dropbox/projects/prologue/app/webroot/index.php(110): Dispatcher->dispatch(Object(CakeRequest), Object(CakeResponse))
#1 {main}
2013-08-19 07:53:03 Error: [MissingControllerException] Controller class CssController could not be found.
Exception Attributes: array (
  'class' => 'CssController',
  'plugin' => NULL,
)
Request URL: /css/cake.generic.css
Stack Trace:
#0 /Users/karlweber/Dropbox/projects/prologue/app/webroot/index.php(110): Dispatcher->dispatch(Object(CakeRequest), Object(CakeResponse))
#1 {main}
2013-08-19 07:54:34 Error: [MissingControllerException] Controller class CssController could not be found.
Exception Attributes: array (
  'class' => 'CssController',
  'plugin' => NULL,
)
Request URL: /css/cake.generic.css
Stack Trace:
#0 /Users/karlweber/Dropbox/projects/prologue/app/webroot/index.php(110): Dispatcher->dispatch(Object(CakeRequest), Object(CakeResponse))
#1 {main}
2013-08-19 17:44:43 Error: [MissingControllerException] Controller class SitesController could not be found.
Exception Attributes: array (
  'class' => 'SitesController',
  'plugin' => NULL,
)
Request URL: /sites/default/files/js/js_4688e33a253b7b108ef60e24de0912c0.js
Stack Trace:
#0 /Users/karlweber/Dropbox/projects/prologue/app/webroot/index.php(110): Dispatcher->dispatch(Object(CakeRequest), Object(CakeResponse))
#1 {main}
2013-08-19 17:46:48 Error: Fatal Error (4): syntax error, unexpected '<' in [/Users/karlweber/Dropbox/projects/prologue/app/View/Pages/home.ctp, line 5]
2013-08-19 17:46:48 Error: [FatalErrorException] syntax error, unexpected '<'
Request URL: /
Stack Trace:
#0 /Users/karlweber/Dropbox/projects/prologue/lib/Cake/Error/ErrorHandler.php(184): ErrorHandler::handleFatalError(4, 'syntax error, u...', '/Users/karlwebe...', 5)
#1 [internal function]: ErrorHandler::handleError(4, 'syntax error, u...', '/Users/karlwebe...', 5, Array)
#2 /Users/karlweber/Dropbox/projects/prologue/lib/Cake/Core/App.php(931): call_user_func('ErrorHandler::h...', 4, 'syntax error, u...', '/Users/karlwebe...', 5, Array)
#3 /Users/karlweber/Dropbox/projects/prologue/lib/Cake/Core/App.php(904): App::_checkFatalError()
#4 [internal function]: App::shutdown()
#5 {main}
2013-08-19 17:46:49 Error: Fatal Error (4): syntax error, unexpected '<' in [/Users/karlweber/Dropbox/projects/prologue/app/View/Pages/home.ctp, line 5]
2013-08-19 17:46:49 Error: [FatalErrorException] syntax error, unexpected '<'
Request URL: /
Stack Trace:
#0 /Users/karlweber/Dropbox/projects/prologue/lib/Cake/Error/ErrorHandler.php(184): ErrorHandler::handleFatalError(4, 'syntax error, u...', '/Users/karlwebe...', 5)
#1 [internal function]: ErrorHandler::handleError(4, 'syntax error, u...', '/Users/karlwebe...', 5, Array)
#2 /Users/karlweber/Dropbox/projects/prologue/lib/Cake/Core/App.php(931): call_user_func('ErrorHandler::h...', 4, 'syntax error, u...', '/Users/karlwebe...', 5, Array)
#3 /Users/karlweber/Dropbox/projects/prologue/lib/Cake/Core/App.php(904): App::_checkFatalError()
#4 [internal function]: App::shutdown()
#5 {main}
2013-08-19 17:46:58 Error: Fatal Error (1): Call to a member function start() on a non-object in [/Users/karlweber/Dropbox/projects/prologue/app/View/Pages/home.ctp, line 4]
2013-08-19 17:46:58 Error: [FatalErrorException] Call to a member function start() on a non-object
Request URL: /
Stack Trace:
#0 /Users/karlweber/Dropbox/projects/prologue/lib/Cake/Error/ErrorHandler.php(184): ErrorHandler::handleFatalError(1, 'Call to a membe...', '/Users/karlwebe...', 4)
#1 [internal function]: ErrorHandler::handleError(1, 'Call to a membe...', '/Users/karlwebe...', 4, Array)
#2 /Users/karlweber/Dropbox/projects/prologue/lib/Cake/Core/App.php(931): call_user_func('ErrorHandler::h...', 1, 'Call to a membe...', '/Users/karlwebe...', 4, Array)
#3 /Users/karlweber/Dropbox/projects/prologue/lib/Cake/Core/App.php(904): App::_checkFatalError()
#4 [internal function]: App::shutdown()
#5 {main}
